
**** Build of configuration Debug for project grlib_demo ****

"C:\\ti\\ccs1110\\ccs\\utils\\bin\\gmake" -k all 
 
Building file: "../grlib_demo.c"
Invoking: ARM Compiler
"C:/ti/ccs1110/ccs/tools/compiler/ti-cgt-arm_20.2.5.LTS/bin/armcl" -mv7M4 --code_state=16 --float_support=FPv4SPD16 --abi=eabi -me -O2 --include_path="C:/ti/ccs1110/ccs/tools/compiler/ti-cgt-arm_20.2.5.LTS/include" --include_path="C:/ti/tivaware_c_series_2_1_4_178/examples/boards/ek-tm4c1294xl-boostxl-kentec-s1" --include_path="C:/ti/tivaware_c_series_2_1_4_178" --advice:power=all -g --gcc --define=ccs="ccs" --define=PART_TM4C1294NCPDT --define=TARGET_IS_TM4C129_RA1 --diag_warning=225 --diag_wrap=off --display_error_number --gen_func_subsections=on --ual --preproc_with_compile --preproc_dependency="grlib_demo.d_raw"  "../grlib_demo.c"
Finished building: "../grlib_demo.c"
 
Building file: "../images.c"
Invoking: ARM Compiler
"C:/ti/ccs1110/ccs/tools/compiler/ti-cgt-arm_20.2.5.LTS/bin/armcl" -mv7M4 --code_state=16 --float_support=FPv4SPD16 --abi=eabi -me -O2 --include_path="C:/ti/ccs1110/ccs/tools/compiler/ti-cgt-arm_20.2.5.LTS/include" --include_path="C:/ti/tivaware_c_series_2_1_4_178/examples/boards/ek-tm4c1294xl-boostxl-kentec-s1" --include_path="C:/ti/tivaware_c_series_2_1_4_178" --advice:power=all -g --gcc --define=ccs="ccs" --define=PART_TM4C1294NCPDT --define=TARGET_IS_TM4C129_RA1 --diag_warning=225 --diag_wrap=off --display_error_number --gen_func_subsections=on --ual --preproc_with_compile --preproc_dependency="images.d_raw"  "../images.c"
Finished building: "../images.c"
 
Building file: "../startup_ccs.c"
Invoking: ARM Compiler
"C:/ti/ccs1110/ccs/tools/compiler/ti-cgt-arm_20.2.5.LTS/bin/armcl" -mv7M4 --code_state=16 --float_support=FPv4SPD16 --abi=eabi -me -O2 --include_path="C:/ti/ccs1110/ccs/tools/compiler/ti-cgt-arm_20.2.5.LTS/include" --include_path="C:/ti/tivaware_c_series_2_1_4_178/examples/boards/ek-tm4c1294xl-boostxl-kentec-s1" --include_path="C:/ti/tivaware_c_series_2_1_4_178" --advice:power=all -g --gcc --define=ccs="ccs" --define=PART_TM4C1294NCPDT --define=TARGET_IS_TM4C129_RA1 --diag_warning=225 --diag_wrap=off --display_error_number --gen_func_subsections=on --ual --preproc_with_compile --preproc_dependency="startup_ccs.d_raw"  "../startup_ccs.c"
"../startup_ccs.c", line 236: remark #1527-D: (ULP 2.1) Detected SW delay loop using empty loop. Recommend using a timer module instead
"../startup_ccs.c", line 254: remark #1527-D: (ULP 2.1) Detected SW delay loop using empty loop. Recommend using a timer module instead
"../startup_ccs.c", line 272: remark #1527-D: (ULP 2.1) Detected SW delay loop using empty loop. Recommend using a timer module instead
Finished building: "../startup_ccs.c"
 
Building file: "C:/ti/tivaware_c_series_2_1_4_178/examples/boards/ek-tm4c1294xl-boostxl-kentec-s1/drivers/Kentec320x240x16_ssd2119_spi.c"
Invoking: ARM Compiler
"C:/ti/ccs1110/ccs/tools/compiler/ti-cgt-arm_20.2.5.LTS/bin/armcl" -mv7M4 --code_state=16 --float_support=FPv4SPD16 --abi=eabi -me -O2 --include_path="C:/ti/ccs1110/ccs/tools/compiler/ti-cgt-arm_20.2.5.LTS/include" --include_path="C:/ti/tivaware_c_series_2_1_4_178/examples/boards/ek-tm4c1294xl-boostxl-kentec-s1" --include_path="C:/ti/tivaware_c_series_2_1_4_178" --advice:power=all -g --gcc --define=ccs="ccs" --define=PART_TM4C1294NCPDT --define=TARGET_IS_TM4C129_RA1 --diag_warning=225 --diag_wrap=off --display_error_number --gen_func_subsections=on --ual --preproc_with_compile --preproc_dependency="drivers/Kentec320x240x16_ssd2119_spi.d_raw" --obj_directory="drivers"  "C:/ti/tivaware_c_series_2_1_4_178/examples/boards/ek-tm4c1294xl-boostxl-kentec-s1/drivers/Kentec320x240x16_ssd2119_spi.c"
"C:/ti/tivaware_c_series_2_1_4_178/examples/boards/ek-tm4c1294xl-boostxl-kentec-s1/drivers/Kentec320x240x16_ssd2119_spi.c", line 274: remark #1527-D: (ULP 2.1) Detected SW delay loop using empty loop. Recommend using a timer module instead
"C:/ti/tivaware_c_series_2_1_4_178/examples/boards/ek-tm4c1294xl-boostxl-kentec-s1/drivers/Kentec320x240x16_ssd2119_spi.c", line 308: remark #1527-D: (ULP 2.1) Detected SW delay loop using empty loop. Recommend using a timer module instead
"C:/ti/tivaware_c_series_2_1_4_178/examples/boards/ek-tm4c1294xl-boostxl-kentec-s1/drivers/Kentec320x240x16_ssd2119_spi.c", line 407: remark #1527-D: (ULP 2.1) Detected SW delay loop using empty loop. Recommend using a timer module instead
Finished building: "C:/ti/tivaware_c_series_2_1_4_178/examples/boards/ek-tm4c1294xl-boostxl-kentec-s1/drivers/Kentec320x240x16_ssd2119_spi.c"
 
Building file: "C:/ti/tivaware_c_series_2_1_4_178/examples/boards/ek-tm4c1294xl-boostxl-kentec-s1/drivers/touch.c"
Invoking: ARM Compiler
"C:/ti/ccs1110/ccs/tools/compiler/ti-cgt-arm_20.2.5.LTS/bin/armcl" -mv7M4 --code_state=16 --float_support=FPv4SPD16 --abi=eabi -me -O2 --include_path="C:/ti/ccs1110/ccs/tools/compiler/ti-cgt-arm_20.2.5.LTS/include" --include_path="C:/ti/tivaware_c_series_2_1_4_178/examples/boards/ek-tm4c1294xl-boostxl-kentec-s1" --include_path="C:/ti/tivaware_c_series_2_1_4_178" --advice:power=all -g --gcc --define=ccs="ccs" --define=PART_TM4C1294NCPDT --define=TARGET_IS_TM4C129_RA1 --diag_warning=225 --diag_wrap=off --display_error_number --gen_func_subsections=on --ual --preproc_with_compile --preproc_dependency="drivers/touch.d_raw" --obj_directory="drivers"  "C:/ti/tivaware_c_series_2_1_4_178/examples/boards/ek-tm4c1294xl-boostxl-kentec-s1/drivers/touch.c"
"C:/ti/tivaware_c_series_2_1_4_178/examples/boards/ek-tm4c1294xl-boostxl-kentec-s1/drivers/touch.c", line 207: remark #1534-D: (ULP 7.1) Detected use of global variable "g_ui8State" within one function "TouchScreenDebouncer". Recommend placing variable in the function locally
"C:/ti/tivaware_c_series_2_1_4_178/examples/boards/ek-tm4c1294xl-boostxl-kentec-s1/drivers/touch.c", line 224: remark #1534-D: (ULP 7.1) Detected use of global variable "g_i8Index" within one function "TouchScreenDebouncer". Recommend placing variable in the function locally
Finished building: "C:/ti/tivaware_c_series_2_1_4_178/examples/boards/ek-tm4c1294xl-boostxl-kentec-s1/drivers/touch.c"
 
Building file: "C:/ti/tivaware_c_series_2_1_4_178/utils/ustdlib.c"
Invoking: ARM Compiler
"C:/ti/ccs1110/ccs/tools/compiler/ti-cgt-arm_20.2.5.LTS/bin/armcl" -mv7M4 --code_state=16 --float_support=FPv4SPD16 --abi=eabi -me -O2 --include_path="C:/ti/ccs1110/ccs/tools/compiler/ti-cgt-arm_20.2.5.LTS/include" --include_path="C:/ti/tivaware_c_series_2_1_4_178/examples/boards/ek-tm4c1294xl-boostxl-kentec-s1" --include_path="C:/ti/tivaware_c_series_2_1_4_178" --advice:power=all -g --gcc --define=ccs="ccs" --define=PART_TM4C1294NCPDT --define=TARGET_IS_TM4C129_RA1 --diag_warning=225 --diag_wrap=off --display_error_number --gen_func_subsections=on --ual --preproc_with_compile --preproc_dependency="utils/ustdlib.d_raw" --obj_directory="utils"  "C:/ti/tivaware_c_series_2_1_4_178/utils/ustdlib.c"
"C:/ti/tivaware_c_series_2_1_4_178/utils/ustdlib.c", line 193: remark #1527-D: (ULP 2.1) Detected SW delay loop using empty loop. Recommend using a timer module instead
"C:/ti/tivaware_c_series_2_1_4_178/utils/ustdlib.c", line 383: remark #1527-D: (ULP 2.1) Detected SW delay loop using empty loop. Recommend using a timer module instead
"C:/ti/tivaware_c_series_2_1_4_178/utils/ustdlib.c", line 505: remark #1527-D: (ULP 2.1) Detected SW delay loop using empty loop. Recommend using a timer module instead
"C:/ti/tivaware_c_series_2_1_4_178/utils/ustdlib.c", line 1625: remark #2624-D: (ULP 5.4) Detected an assignment to a type with size less than int. To avoid unnecessary sign extension, use int-sized types for local varaibles and convert to smaller types for static storage.
"C:/ti/tivaware_c_series_2_1_4_178/utils/ustdlib.c", line 1626: remark #2624-D: (ULP 5.4) Detected an assignment to a type with size less than int. To avoid unnecessary sign extension, use int-sized types for local varaibles and convert to smaller types for static storage.
"C:/ti/tivaware_c_series_2_1_4_178/utils/ustdlib.c", line 42: remark #1534-D: (ULP 7.1) Detected use of global variable "g_pcHex" within one function "uvsnprintf". Recommend placing variable in the function locally
Finished building: "C:/ti/tivaware_c_series_2_1_4_178/utils/ustdlib.c"
 
Building target: "grlib_demo.out"
Invoking: ARM Linker
"C:/ti/ccs1110/ccs/tools/compiler/ti-cgt-arm_20.2.5.LTS/bin/armcl" -mv7M4 --code_state=16 --float_support=FPv4SPD16 --abi=eabi -me -O2 --advice:power=all -g --gcc --define=ccs="ccs" --define=PART_TM4C1294NCPDT --define=TARGET_IS_TM4C129_RA1 --diag_warning=225 --diag_wrap=off --display_error_number --gen_func_subsections=on --ual -z -m"grlib_demo_ccs.map" --stack_size=1024 --heap_size=0 -i"C:/ti/ccs1110/ccs/tools/compiler/ti-cgt-arm_20.2.5.LTS/lib" -i"C:/ti/ccs1110/ccs/tools/compiler/ti-cgt-arm_20.2.5.LTS/include" --reread_libs --diag_wrap=off --display_error_number --warn_sections --xml_link_info="grlib_demo_linkInfo.xml" --rom_model -o "grlib_demo.out" "./grlib_demo.obj" "./images.obj" "./startup_ccs.obj" "./drivers/Kentec320x240x16_ssd2119_spi.obj" "./drivers/touch.obj" "./utils/ustdlib.obj" "../grlib_demo_ccs.cmd"  -llibc.a -l"C:/ti/tivaware_c_series_2_1_4_178/driverlib/ccs/Debug/driverlib.lib" -l"C:/ti/tivaware_c_series_2_1_4_178/grlib/ccs/Debug/grlib.lib" 
<Linking>
remark #10371-D: (ULP 1.1) Detected no uses of low power mode state changing instructions
Finished building target: "grlib_demo.out"
 
"C:/ti/ccs1110/ccs/utils/tiobj2bin/tiobj2bin" "grlib_demo.out" "grlib_demo.bin" "C:/ti/ccs1110/ccs/tools/compiler/ti-cgt-arm_20.2.5.LTS/bin/armofd" "C:/ti/ccs1110/ccs/tools/compiler/ti-cgt-arm_20.2.5.LTS/bin/armhex" "C:/ti/ccs1110/ccs/utils/tiobj2bin/mkhex4bin"
 

**** Build Finished ****
